local - - [24/Oct/1994:14:29:58 -0600] "GET 36.html HTTP/1.0" 200 888
local - - [24/Oct/1994:14:30:03 -0600] "GET 37.html HTTP/1.0" 404 -
local - - [24/Oct/1994:14:30:50 -0600] "GET index.html HTTP/1.0" 200 3185
local - - [24/Oct/1994:14:37:59 -0600] "GET index.html HTTP/1.0" 200 3185
local - - [24/Oct/1994:14:38:19 -0600] "GET index.html HTTP/1.0" 200 3100
local - - [24/Oct/1994:14:38:29 -0600] "GET 36.html HTTP/1.0" 200 788
local - - [24/Oct/1994:14:38:32 -0600] "GET index.html HTTP/1.0" 404 -
local - - [24/Oct/1994:14:39:16 -0600] "GET index.html HTTP/1.0" 200 3185
local - - [24/Oct/1994:14:39:25 -0600] "GET index.html HTTP/1.0" 200 3100
local - - [24/Oct/1994:14:39:33 -0600] "GET 36.html HTTP/1.0" 200 821
local - - [24/Oct/1994:14:39:36 -0600] "GET index.html HTTP/1.0" 404 -
local - - [24/Oct/1994:14:40:00 -0600] "GET index.html HTTP/1.0" 302 -
local - - [24/Oct/1994:14:40:00 -0600] "GET index.html HTTP/1.0" 200 2451
local - - [24/Oct/1994:14:40:07 -0600] "GET 37.html HTTP/1.0" 404 -
local - - [24/Oct/1994:14:41:06 -0600] "GET index.html HTTP/1.0" 200 3185
local - - [24/Oct/1994:14:41:16 -0600] "GET index.html HTTP/1.0" 200 3100
local - - [24/Oct/1994:14:41:24 -0600] "GET 36.html HTTP/1.0" 200 822
local - - [24/Oct/1994:14:41:30 -0600] "GET index.html HTTP/1.0" 302 -
local - - [24/Oct/1994:14:41:30 -0600] "GET index.html HTTP/1.0" 200 1161
local - - [24/Oct/1994:14:41:38 -0600] "GET 37.html HTTP/1.0" 404 -
local - - [24/Oct/1994:14:59:24 -0600] "GET index.html HTTP/1.0" 200 3185
local - - [24/Oct/1994:14:59:30 -0600] "GET 39.html HTTP/1.0" 200 572
remote - - [24/Oct/1994:14:27:52 -0600] "GET index.html HTTP/1.0" 200 299
remote - - [24/Oct/1994:14:27:58 -0600] "GET index.html HTTP/1.0" 302 -
remote - - [24/Oct/1994:14:28:00 -0600] "GET index.html HTTP/1.0" 200 2231
remote - - [24/Oct/1994:14:35:12 -0600] "GET 38.aiff HTTP/1.0" 200 319488
remote - - [24/Oct/1994:15:07:39 -0600] "GET 28.html HTTP/1.0" 200 329
remote - - [24/Oct/1994:15:08:05 -0600] "GET 44.html HTTP/1.0" 200 674
remote - - [24/Oct/1994:15:08:18 -0600] "GET 29.html HTTP/1.0" 200 673
remote - - [24/Oct/1994:15:08:55 -0600] "GET 45.html HTTP/1.0" 200 5489
remote - - [24/Oct/1994:15:09:16 -0600] "GET 44.html HTTP/1.0" 200 674
remote - - [24/Oct/1994:15:09:34 -0600] "GET 29.html HTTP/1.0" 200 673
remote - - [24/Oct/1994:15:09:43 -0600] "GET 47.html HTTP/1.0" 200 540
remote - - [24/Oct/1994:15:10:30 -0600] "GET 48.gif HTTP/1.0" 200 127037
